[debug] [2022-08-29T15:04:29.753Z] ----------------------------------------------------------------------
[debug] [2022-08-29T15:04:29.755Z] Command:       C:\Program Files\nodejs\node.exe C:\Users\YoussefMansour\AppData\Roaming\npm\node_modules\firebase-tools\lib\bin\firebase.js init
[debug] [2022-08-29T15:04:29.755Z] CLI Version:   11.8.0
[debug] [2022-08-29T15:04:29.755Z] Platform:      win32
[debug] [2022-08-29T15:04:29.755Z] Node Version:  v16.16.0
[debug] [2022-08-29T15:04:29.756Z] Time:          Mon Aug 29 2022 17:04:29 GMT+0200 (Eastern European Standard Time)
[debug] [2022-08-29T15:04:29.756Z] ----------------------------------------------------------------------
[debug] 
[debug] [2022-08-29T15:04:29.762Z] > command requires scopes: ["email","openid","https://www.googleapis.com/auth/cloudplatformprojects.readonly","https://www.googleapis.com/auth/firebase","https://www.googleapis.com/auth/cloud-platform"]
[debug] [2022-08-29T15:04:29.763Z] > authorizing via signed-in user (ymansour@ultatel.com)
[info] 
     ######## #### ########  ######## ########     ###     ######  ########
     ##        ##  ##     ## ##       ##     ##  ##   ##  ##       ##
     ######    ##  ########  ######   ########  #########  ######  ######
     ##        ##  ##    ##  ##       ##     ## ##     ##       ## ##
     ##       #### ##     ## ######## ########  ##     ##  ######  ########

You're about to initialize a Firebase project in this directory:

  C:\Users\YoussefMansour\Desktop\deploy angular

[info] 
=== Project Setup
[info] 
[info] First, let's associate this project directory with a Firebase project.
[info] You can create multiple project aliases by running firebase use --add, 
[info] but for now we'll just set up a default project.
[info] 
[debug] [2022-08-29T15:06:03.538Z] >>> [apiv2][query] GET https://firebase.googleapis.com/v1beta1/projects pageSize=100
[debug] [2022-08-29T15:06:04.175Z] <<< [apiv2][status] GET https://firebase.googleapis.com/v1beta1/projects 200
[debug] [2022-08-29T15:06:04.175Z] <<< [apiv2][body] GET https://firebase.googleapis.com/v1beta1/projects [omitted]
[info] i  Using project chat-app-285bf (chat app) 
[info] 
=== Hosting Setup
[info] 
[info] Your public directory is the folder (relative to your project directory) that
[info] will contain Hosting assets to be uploaded with firebase deploy. If you
[info] have a build process for your assets, use your build's output directory.
[info] 
